<?xml version="1.0" encoding="UTF-8"?>
<!-- Generated by org.testng.reporters.JUnitXMLReporter -->
<testsuite hostname="KPs-HP" ignored="0" name="Regression Test" tests="3" failures="0" timestamp="2022-12-15T19:20:27 GMT" time="36.64" errors="0">
  <testcase name="anAustralianCominToUKForTourism" time="2.209" classname="gov.uk.check.visa.testsuite.VisaConfirmationTest"/>
  <testcase name="aChileanComingToTheUKForWorkAndPlansOnStayingForLongerThanSixMonths" time="4.518" classname="gov.uk.check.visa.testsuite.VisaConfirmationTest"/>
  <testcase name="aColumbianNationalComingToTheUKToJoinAPartnerForALongStayTheyDoHaveAnArticle10Or20Card" time="3.28" classname="gov.uk.check.visa.testsuite.VisaConfirmationTest"/>
</testsuite> <!-- Regression Test -->
